This is pdfTeX, Version 3.1415926-2.5-1.40.14 (TeX Live 2013/Debian) (format=pdflatex 2015.10.15)  11 MAY 2016 05:01
entering extended mode
 restricted \write18 enabled.
 %&-line parsing enabled.
**thesis.tex
(./thesis.tex
LaTeX2e <2011/06/27>
Babel <3.9h> and hyphenation patterns for 4 languages loaded.
(./iitmdiss.cls
Document Class: iitmdiss 2005/03/09 Class for IIT-Madras Dissertations
(/usr/share/texlive/texmf-dist/tex/latex/base/report.cls
Document Class: report 2007/10/19 v1.4h Standard LaTeX document class
(/usr/share/texlive/texmf-dist/tex/latex/base/size12.clo
File: size12.clo 2007/10/19 v1.4h Standard LaTeX file (size option)
)
\c@part=\count79
\c@chapter=\count80
\c@section=\count81
\c@subsection=\count82
\c@subsubsection=\count83
\c@paragraph=\count84
\c@subparagraph=\count85
\c@figure=\count86
\c@table=\count87
\abovecaptionskip=\skip41
\belowcaptionskip=\skip42
\bibindent=\dimen102
)
(/usr/share/texlive/texmf-dist/tex/latex/geometry/geometry.sty
Package: geometry 2010/09/12 v5.6 Page Geometry

(/usr/share/texlive/texmf-dist/tex/latex/graphics/keyval.sty
Package: keyval 1999/03/16 v1.13 key=value parser (DPC)
\KV@toks@=\toks14
)
(/usr/share/texlive/texmf-dist/tex/generic/oberdiek/ifpdf.sty
Package: ifpdf 2011/01/30 v2.3 Provides the ifpdf switch (HO)
Package ifpdf Info: pdfTeX in PDF mode is detected.
)
(/usr/share/texlive/texmf-dist/tex/generic/oberdiek/ifvtex.sty
Package: ifvtex 2010/03/01 v1.5 Detect VTeX and its facilities (HO)
Package ifvtex Info: VTeX not detected.
)
(/usr/share/texlive/texmf-dist/tex/generic/ifxetex/ifxetex.sty
Package: ifxetex 2010/09/12 v0.6 Provides ifxetex conditional
)
\Gm@cnth=\count88
\Gm@cntv=\count89
\c@Gm@tempcnt=\count90
\Gm@bindingoffset=\dimen103
\Gm@wd@mp=\dimen104
\Gm@odd@mp=\dimen105
\Gm@even@mp=\dimen106
\Gm@layoutwidth=\dimen107
\Gm@layoutheight=\dimen108
\Gm@layouthoffset=\dimen109
\Gm@layoutvoffset=\dimen110
\Gm@dimlist=\toks15
)
(/usr/share/texlive/texmf-dist/tex/latex/setspace/setspace.sty
Package: setspace 2011/12/19 v6.7a set line spacing
)
(./atbeginend.sty) (/usr/share/texlive/texmf-dist/tex/latex/caption/caption.sty
Package: caption 2013/05/02 v3.3-89 Customizing captions (AR)
(/usr/share/texlive/texmf-dist/tex/latex/caption/caption3.sty
Package: caption3 2013/05/02 v1.6-88 caption3 kernel (AR)
Package caption3 Info: TeX engine: e-TeX on input line 57.
\captionmargin=\dimen111
\captionmargin@=\dimen112
\captionwidth=\dimen113
\caption@tempdima=\dimen114
\caption@indent=\dimen115
\caption@parindent=\dimen116
\caption@hangindent=\dimen117
)
\c@ContinuedFloat=\count91
)
(/usr/share/texlive/texmf-dist/tex/latex/natbib/natbib.sty
Package: natbib 2010/09/13 8.31b (PWD, AO)
\bibhang=\skip43
\bibsep=\skip44
LaTeX Info: Redefining \cite on input line 694.
\c@NAT@ctr=\count92
))
(/usr/share/texlive/texmf-dist/tex/latex/psnfss/times.sty
Package: times 2005/04/12 PSNFSS-v9.2a (SPQR) 
) (./t1enc.sty
Package: t1enc 1994/06/01 Standard LaTeX package
)
(/usr/share/texlive/texmf-dist/tex/latex/graphics/graphicx.sty
Package: graphicx 1999/02/16 v1.0f Enhanced LaTeX Graphics (DPC,SPQR)

(/usr/share/texlive/texmf-dist/tex/latex/graphics/graphics.sty
Package: graphics 2009/02/05 v1.0o Standard LaTeX Graphics (DPC,SPQR)

(/usr/share/texlive/texmf-dist/tex/latex/graphics/trig.sty
Package: trig 1999/03/16 v1.09 sin cos tan (DPC)
)
(/usr/share/texlive/texmf-dist/tex/latex/latexconfig/graphics.cfg
File: graphics.cfg 2010/04/23 v1.9 graphics configuration of TeX Live
)
Package graphics Info: Driver file: pdftex.def on input line 91.

(/usr/share/texlive/texmf-dist/tex/latex/pdftex-def/pdftex.def
File: pdftex.def 2011/05/27 v0.06d Graphics/color for pdfTeX

(/usr/share/texlive/texmf-dist/tex/generic/oberdiek/infwarerr.sty
Package: infwarerr 2010/04/08 v1.3 Providing info/warning/error messages (HO)
)
(/usr/share/texlive/texmf-dist/tex/generic/oberdiek/ltxcmds.sty
Package: ltxcmds 2011/11/09 v1.22 LaTeX kernel commands for general use (HO)
)
\Gread@gobject=\count93
))
\Gin@req@height=\dimen118
\Gin@req@width=\dimen119
)
(/usr/share/texlive/texmf-dist/tex/latex/oberdiek/epstopdf.sty
Package: epstopdf 2010/02/09 v2.5 Conversion with epstopdf on the fly (HO)

(/usr/share/texlive/texmf-dist/tex/latex/oberdiek/epstopdf-base.sty
Package: epstopdf-base 2010/02/09 v2.5 Base part for package epstopdf

(/usr/share/texlive/texmf-dist/tex/latex/oberdiek/grfext.sty
Package: grfext 2010/08/19 v1.1 Manage graphics extensions (HO)

(/usr/share/texlive/texmf-dist/tex/generic/oberdiek/kvdefinekeys.sty
Package: kvdefinekeys 2011/04/07 v1.3 Define keys (HO)
))
(/usr/share/texlive/texmf-dist/tex/latex/oberdiek/kvoptions.sty
Package: kvoptions 2011/06/30 v3.11 Key value format for package options (HO)

(/usr/share/texlive/texmf-dist/tex/generic/oberdiek/kvsetkeys.sty
Package: kvsetkeys 2012/04/25 v1.16 Key value parser (HO)

(/usr/share/texlive/texmf-dist/tex/generic/oberdiek/etexcmds.sty
Package: etexcmds 2011/02/16 v1.5 Avoid name clashes with e-TeX commands (HO)

(/usr/share/texlive/texmf-dist/tex/generic/oberdiek/ifluatex.sty
Package: ifluatex 2010/03/01 v1.3 Provides the ifluatex switch (HO)
Package ifluatex Info: LuaTeX not detected.
)
Package etexcmds Info: Could not find \expanded.
(etexcmds)             That can mean that you are not using pdfTeX 1.50 or
(etexcmds)             that some package has redefined \expanded.
(etexcmds)             In the latter case, load this package earlier.
)))
(/usr/share/texlive/texmf-dist/tex/generic/oberdiek/pdftexcmds.sty
Package: pdftexcmds 2011/11/29 v0.20 Utility functions of pdfTeX for LuaTeX (HO
)
Package pdftexcmds Info: LuaTeX not detected.
Package pdftexcmds Info: \pdf@primitive is available.
Package pdftexcmds Info: \pdf@ifprimitive is available.
Package pdftexcmds Info: \pdfdraftmode found.
)
Package grfext Info: Graphics extension search list:
(grfext)             [.png,.pdf,.jpg,.mps,.jpeg,.jbig2,.jb2,.PNG,.PDF,.JPG,.JPE
G,.JBIG2,.JB2,.eps]
(grfext)             \AppendGraphicsExtensions on input line 452.

(/usr/share/texlive/texmf-dist/tex/latex/latexconfig/epstopdf-sys.cfg
File: epstopdf-sys.cfg 2010/07/13 v1.3 Configuration of (r)epstopdf for TeX Liv
e
)))
(/usr/share/texlive/texmf-dist/tex/latex/hyperref/hyperref.sty
Package: hyperref 2012/11/06 v6.83m Hypertext links for LaTeX

(/usr/share/texlive/texmf-dist/tex/generic/oberdiek/hobsub-hyperref.sty
Package: hobsub-hyperref 2012/05/28 v1.13 Bundle oberdiek, subset hyperref (HO)


(/usr/share/texlive/texmf-dist/tex/generic/oberdiek/hobsub-generic.sty
Package: hobsub-generic 2012/05/28 v1.13 Bundle oberdiek, subset generic (HO)
Package: hobsub 2012/05/28 v1.13 Construct package bundles (HO)
Package hobsub Info: Skipping package `infwarerr' (already loaded).
Package hobsub Info: Skipping package `ltxcmds' (already loaded).
Package hobsub Info: Skipping package `ifluatex' (already loaded).
Package hobsub Info: Skipping package `ifvtex' (already loaded).
Package: intcalc 2007/09/27 v1.1 Expandable calculations with integers (HO)
Package hobsub Info: Skipping package `ifpdf' (already loaded).
Package hobsub Info: Skipping package `etexcmds' (already loaded).
Package hobsub Info: Skipping package `kvsetkeys' (already loaded).
Package hobsub Info: Skipping package `kvdefinekeys' (already loaded).
Package hobsub Info: Skipping package `pdftexcmds' (already loaded).
Package: pdfescape 2011/11/25 v1.13 Implements pdfTeX's escape features (HO)
Package: bigintcalc 2012/04/08 v1.3 Expandable calculations on big integers (HO
)
Package: bitset 2011/01/30 v1.1 Handle bit-vector datatype (HO)
Package: uniquecounter 2011/01/30 v1.2 Provide unlimited unique counter (HO)
)
Package hobsub Info: Skipping package `hobsub' (already loaded).
Package: letltxmacro 2010/09/02 v1.4 Let assignment for LaTeX macros (HO)
Package: hopatch 2012/05/28 v1.2 Wrapper for package hooks (HO)
Package: xcolor-patch 2011/01/30 xcolor patch
Package: atveryend 2011/06/30 v1.8 Hooks at the very end of document (HO)
Package atveryend Info: \enddocument detected (standard20110627).
Package: atbegshi 2011/10/05 v1.16 At begin shipout hook (HO)
Package: refcount 2011/10/16 v3.4 Data extraction from label references (HO)
Package: hycolor 2011/01/30 v1.7 Color options for hyperref/bookmark (HO)
)
(/usr/share/texlive/texmf-dist/tex/latex/oberdiek/auxhook.sty
Package: auxhook 2011/03/04 v1.3 Hooks for auxiliary files (HO)
)
\@linkdim=\dimen120
\Hy@linkcounter=\count94
\Hy@pagecounter=\count95

(/usr/share/texlive/texmf-dist/tex/latex/hyperref/pd1enc.def
File: pd1enc.def 2012/11/06 v6.83m Hyperref: PDFDocEncoding definition (HO)
)
\Hy@SavedSpaceFactor=\count96

(/usr/share/texlive/texmf-dist/tex/latex/latexconfig/hyperref.cfg
File: hyperref.cfg 2002/06/06 v1.2 hyperref configuration of TeXLive
)
Package hyperref Info: Hyper figures OFF on input line 4443.
Package hyperref Info: Link nesting OFF on input line 4448.
Package hyperref Info: Hyper index ON on input line 4451.
Package hyperref Info: Plain pages OFF on input line 4458.
Package hyperref Info: Backreferencing OFF on input line 4463.
Package hyperref Info: Implicit mode ON; LaTeX internals redefined.
Package hyperref Info: Bookmarks ON on input line 4688.
\c@Hy@tempcnt=\count97

(/usr/share/texlive/texmf-dist/tex/latex/url/url.sty
\Urlmuskip=\muskip10
Package: url 2013/09/16  ver 3.4  Verb mode for urls, etc.
)
LaTeX Info: Redefining \url on input line 5041.
\XeTeXLinkMargin=\dimen121
\Fld@menulength=\count98
\Field@Width=\dimen122
\Fld@charsize=\dimen123
Package hyperref Info: Hyper figures OFF on input line 6295.
Package hyperref Info: Link nesting OFF on input line 6300.
Package hyperref Info: Hyper index ON on input line 6303.
Package hyperref Info: backreferencing OFF on input line 6310.
Package hyperref Info: Link coloring OFF on input line 6315.
Package hyperref Info: Link coloring with OCG OFF on input line 6320.
Package hyperref Info: PDF/A mode OFF on input line 6325.
LaTeX Info: Redefining \ref on input line 6365.
LaTeX Info: Redefining \pageref on input line 6369.
\Hy@abspage=\count99
\c@Item=\count100
\c@Hfootnote=\count101
)

Package hyperref Message: Driver (autodetected): hpdftex.

(/usr/share/texlive/texmf-dist/tex/latex/hyperref/hpdftex.def
File: hpdftex.def 2012/11/06 v6.83m Hyperref driver for pdfTeX
\Fld@listcount=\count102
\c@bookmark@seq@number=\count103

(/usr/share/texlive/texmf-dist/tex/latex/oberdiek/rerunfilecheck.sty
Package: rerunfilecheck 2011/04/15 v1.7 Rerun checks for auxiliary files (HO)
Package uniquecounter Info: New unique counter `rerunfilecheck' on input line 2
82.
)
\Hy@SectionHShift=\skip45
)
(/usr/share/texlive/texmf-dist/tex/latex/amsmath/amsmath.sty
Package: amsmath 2013/01/14 v2.14 AMS math features
\@mathmargin=\skip46

For additional information on amsmath, use the `?' option.
(/usr/share/texlive/texmf-dist/tex/latex/amsmath/amstext.sty
Package: amstext 2000/06/29 v2.01

(/usr/share/texlive/texmf-dist/tex/latex/amsmath/amsgen.sty
File: amsgen.sty 1999/11/30 v2.0
\@emptytoks=\toks16
\ex@=\dimen124
))
(/usr/share/texlive/texmf-dist/tex/latex/amsmath/amsbsy.sty
Package: amsbsy 1999/11/29 v1.2d
\pmbraise@=\dimen125
)
(/usr/share/texlive/texmf-dist/tex/latex/amsmath/amsopn.sty
Package: amsopn 1999/12/14 v2.01 operator names
)
\inf@bad=\count104
LaTeX Info: Redefining \frac on input line 210.
\uproot@=\count105
\leftroot@=\count106
LaTeX Info: Redefining \overline on input line 306.
\classnum@=\count107
\DOTSCASE@=\count108
LaTeX Info: Redefining \ldots on input line 378.
LaTeX Info: Redefining \dots on input line 381.
LaTeX Info: Redefining \cdots on input line 466.
\Mathstrutbox@=\box26
\strutbox@=\box27
\big@size=\dimen126
LaTeX Font Info:    Redeclaring font encoding OML on input line 566.
LaTeX Font Info:    Redeclaring font encoding OMS on input line 567.
\macc@depth=\count109
\c@MaxMatrixCols=\count110
\dotsspace@=\muskip11
\c@parentequation=\count111
\dspbrk@lvl=\count112
\tag@help=\toks17
\row@=\count113
\column@=\count114
\maxfields@=\count115
\andhelp@=\toks18
\eqnshift@=\dimen127
\alignsep@=\dimen128
\tagshift@=\dimen129
\tagwidth@=\dimen130
\totwidth@=\dimen131
\lineht@=\dimen132
\@envbody=\toks19
\multlinegap=\skip47
\multlinetaggap=\skip48
\mathdisplay@stack=\toks20
LaTeX Info: Redefining \[ on input line 2665.
LaTeX Info: Redefining \] on input line 2666.
)
(/usr/share/texlive/texmf-dist/tex/latex/algorithms/algorithm.sty
Package: algorithm 2009/08/24 v0.1 Document Style `algorithm' - floating enviro
nment

(/usr/share/texlive/texmf-dist/tex/latex/float/float.sty
Package: float 2001/11/08 v1.3d Float enhancements (AL)
\c@float@type=\count116
\float@exts=\toks21
\float@box=\box28
\@float@everytoks=\toks22
\@floatcapt=\box29
)
(/usr/share/texlive/texmf-dist/tex/latex/base/ifthen.sty
Package: ifthen 2001/05/26 v1.1c Standard LaTeX ifthen package (DPC)
)
\@float@every@algorithm=\toks23
\c@algorithm=\count117
)
(/usr/share/texlive/texmf-dist/tex/latex/algorithmicx/algpseudocode.sty
Package: algpseudocode 

(/usr/share/texlive/texmf-dist/tex/latex/algorithmicx/algorithmicx.sty
Package: algorithmicx 2005/04/27 v1.2 Algorithmicx

Document Style algorithmicx 1.2 - a greatly improved `algorithmic' style
\c@ALG@line=\count118
\c@ALG@rem=\count119
\c@ALG@nested=\count120
\ALG@tlm=\skip49
\ALG@thistlm=\skip50
\c@ALG@Lnr=\count121
\c@ALG@blocknr=\count122
\c@ALG@storecount=\count123
\c@ALG@tmpcounter=\count124
\ALG@tmplength=\skip51
)
Document Style - pseudocode environments for use with the `algorithmicx' style
) (./thesis.aux)
\openout1 = `thesis.aux'.

LaTeX Font Info:    Checking defaults for OML/cmm/m/it on input line 23.
LaTeX Font Info:    ... okay on input line 23.
LaTeX Font Info:    Checking defaults for T1/cmr/m/n on input line 23.
LaTeX Font Info:    ... okay on input line 23.
LaTeX Font Info:    Checking defaults for OT1/cmr/m/n on input line 23.
LaTeX Font Info:    ... okay on input line 23.
LaTeX Font Info:    Checking defaults for OMS/cmsy/m/n on input line 23.
LaTeX Font Info:    ... okay on input line 23.
LaTeX Font Info:    Checking defaults for OMX/cmex/m/n on input line 23.
LaTeX Font Info:    ... okay on input line 23.
LaTeX Font Info:    Checking defaults for U/cmr/m/n on input line 23.
LaTeX Font Info:    ... okay on input line 23.
LaTeX Font Info:    Checking defaults for PD1/pdf/m/n on input line 23.
LaTeX Font Info:    ... okay on input line 23.
LaTeX Font Info:    Try loading font information for T1+ptm on input line 23.
 (/usr/share/texlive/texmf-dist/tex/latex/psnfss/t1ptm.fd
File: t1ptm.fd 2001/06/04 font definitions for T1/ptm.
)
*geometry* driver: auto-detecting
*geometry* detected driver: pdftex
*geometry* verbose mode - [ preamble ] result:
* driver: pdftex
* paper: a4paper
* layout: <same size as paper>
* layoutoffset:(h,v)=(0.0pt,0.0pt)
* modes: 
* h-part:(L,W,R)=(108.405pt, 416.83289pt, 72.26999pt)
* v-part:(T,H,B)=(72.26999pt, 700.50687pt, 72.26999pt)
* \paperwidth=597.50787pt
* \paperheight=845.04684pt
* \textwidth=416.83289pt
* \textheight=700.50687pt
* \oddsidemargin=36.13501pt
* \evensidemargin=36.13501pt
* \topmargin=0.0pt
* \headheight=0.0pt
* \headsep=0.0pt
* \topskip=12.0pt
* \footskip=30.0pt
* \marginparwidth=35.0pt
* \marginparsep=10.0pt
* \columnsep=10.0pt
* \skip\footins=10.8pt plus 4.0pt minus 2.0pt
* \hoffset=0.0pt
* \voffset=0.0pt
* \mag=1000
* \@twocolumnfalse
* \@twosidefalse
* \@mparswitchfalse
* \@reversemarginfalse
* (1in=72.27pt=25.4mm, 1cm=28.453pt)

Package caption Info: Begin \AtBeginDocument code.
Package caption Info: float package is loaded.
Package caption Info: hyperref package is loaded.
Package caption Info: End \AtBeginDocument code.
(/usr/share/texlive/texmf-dist/tex/context/base/supp-pdf.mkii
[Loading MPS to PDF converter (version 2006.09.02).]
\scratchcounter=\count125
\scratchdimen=\dimen133
\scratchbox=\box30
\nofMPsegments=\count126
\nofMParguments=\count127
\everyMPshowfont=\toks24
\MPscratchCnt=\count128
\MPscratchDim=\dimen134
\MPnumerator=\count129
\makeMPintoPDFobject=\count130
\everyMPtoPDFconversion=\toks25
)
\AtBeginShipoutBox=\box31
Package hyperref Info: Link coloring OFF on input line 23.
 (/usr/share/texlive/texmf-dist/tex/latex/hyperref/nameref.sty
Package: nameref 2012/10/27 v2.43 Cross-referencing by name of section

(/usr/share/texlive/texmf-dist/tex/generic/oberdiek/gettitlestring.sty
Package: gettitlestring 2010/12/03 v1.4 Cleanup title references (HO)
)
\c@section@level=\count131
)
LaTeX Info: Redefining \ref on input line 23.
LaTeX Info: Redefining \pageref on input line 23.
LaTeX Info: Redefining \nameref on input line 23.

(./thesis.out) (./thesis.out)
\@outlinefile=\write3
\openout3 = `thesis.out'.

LaTeX Font Info:    Font shape `T1/ptm/bx/n' in size <17.28> not available
(Font)              Font shape `T1/ptm/b/n' tried instead on input line 38.
LaTeX Font Info:    Font shape `T1/ptm/bx/n' in size <12> not available
(Font)              Font shape `T1/ptm/b/n' tried instead on input line 38.
LaTeX Font Info:    Font shape `T1/ptm/bx/n' in size <14.4> not available
(Font)              Font shape `T1/ptm/b/n' tried instead on input line 38.
 <iitm.pdf, id=317, 109.40875pt x 109.40875pt>
File: iitm.pdf Graphic file (type pdf)

<use iitm.pdf>
Package pdftex.def Info: iitm.pdf used on input line 38.
(pdftex.def)             Requested size: 109.40846pt x 109.40846pt.
 [0

{/var/lib/texmf/fonts/map/pdftex/updmap/pdftex.map} <./iitm.pdf>]
Certificate

Underfull \hbox (badness 10000) in paragraph at lines 56--61

 []

pdfTeX warning (ext4): destination with the same identifier (name{page.}) has b
een already used, duplicate ignored
<to be read again> 
                   \relax 
l.69 \acknowledgements
                       [0

] [1

] [2

] (./thesis.toc [3

] [4])
\tf@toc=\write4
\openout4 = `thesis.toc'.

 [5] (./thesis.lot)
\tf@lot=\write5
\openout5 = `thesis.lot'.


[6

] (./thesis.lof [7

]
Overfull \hbox (4.59274pt too wide) in paragraph at lines 30--30
 [][] [][]\T1/ptm/m/n/12 MINMAXCOLOUR: Ef-fect of One Time Prop-a-ga-tion on No
. of Colours 
 []


Overfull \hbox (3.9565pt too wide) in paragraph at lines 36--36
 [][] [][]\T1/ptm/m/n/12 2-Thread In-cre-men-tal Model and One Time Prop-a-ga-t
ion: No. of Colours 
 []


Overfull \hbox (8.38487pt too wide) in paragraph at lines 40--40
 [][] [][]\T1/ptm/m/n/12 One time Prop-a-ga-tion vs Wave Prop-a-ga-tion: Many T
hread Model, Colour 
 []

[8]
Overfull \hbox (8.38487pt too wide) in paragraph at lines 51--51
 [][] [][]\T1/ptm/m/n/12 One time Prop-a-ga-tion vs Wave Prop-a-ga-tion: Many T
hread Model, Colour 
 []

)
\tf@lof=\write6
\openout6 = `thesis.lof'.

 [9] [10

] [11

]
CHAPTER 1.
[1


] [2]
CHAPTER 2.
[3

]
LaTeX Font Info:    Font shape `T1/ptm/bx/it' in size <12> not available
(Font)              Font shape `T1/ptm/b/it' tried instead on input line 167.
 <graphcolouring.jpg, id=628, 692.3466pt x 370.0224pt>
File: graphcolouring.jpg Graphic file (type jpg)

<use graphcolouring.jpg>
Package pdftex.def Info: graphcolouring.jpg used on input line 173.
(pdftex.def)             Requested size: 692.34492pt x 370.02148pt.


Package hyperref Warning: Token not allowed in a PDF string (PDFDocEncoding):
(hyperref)                removing `math shift' on input line 182.


Package hyperref Warning: Token not allowed in a PDF string (PDFDocEncoding):
(hyperref)                removing `\chi' on input line 182.


Package hyperref Warning: Token not allowed in a PDF string (PDFDocEncoding):
(hyperref)                removing `math shift' on input line 182.

[4 <./graphcolouring.jpg>] [5]
LaTeX Font Info:    Try loading font information for OMS+ptm on input line 208.


(/usr/share/texlive/texmf-dist/tex/latex/psnfss/omsptm.fd
File: omsptm.fd 
)
LaTeX Font Info:    Font shape `OMS/ptm/m/n' in size <12> not available
(Font)              Font shape `OMS/cmsy/m/n' tried instead on input line 208.

<mooreslaw.jpg, id=661, 1156.32pt x 1039.2426pt>
File: mooreslaw.jpg Graphic file (type jpg)
 <use mooreslaw.jpg>
Package pdftex.def Info: mooreslaw.jpg used on input line 218.
(pdftex.def)             Requested size: 693.79736pt x 623.55037pt.


LaTeX Warning: `h' float specifier changed to `ht'.

<CPU-Scaling.jpg, id=666, 419.6478pt x 418.2024pt>
File: CPU-Scaling.jpg Graphic file (type jpg)
 <use CPU-Scaling.jpg>
Package pdftex.def Info: CPU-Scaling.jpg used on input line 228.
(pdftex.def)             Requested size: 251.79062pt x 250.92337pt.


LaTeX Warning: `h' float specifier changed to `ht'.

[6] [7 <./mooreslaw.jpg>] [8 <./CPU-Scaling.jpg>] [9]
<hardware-model.png, id=710, 429.605pt x 432.817pt>
File: hardware-model.png Graphic file (type png)
 <use hardware-model.png>
Package pdftex.def Info: hardware-model.png used on input line 250.
(pdftex.def)             Requested size: 171.83894pt x 173.12372pt.

[10 <./hardware-model.png>]
LaTeX Font Info:    Try loading font information for T1+pcr on input line 258.

(/usr/share/texlive/texmf-dist/tex/latex/psnfss/t1pcr.fd
File: t1pcr.fd 2001/06/04 font definitions for T1/pcr.
) [11] [12]
CHAPTER 3.
[13

] [14]
Package hyperref Info: bookmark level for unknown algorithm defaults to 0 on in
put line 304.


LaTeX Warning: Command \textbackslash invalid in math mode on input line 314.

[15] [16] [17] [18]

LaTeX Warning: Command \textbackslash invalid in math mode on input line 415.

[19]

LaTeX Warning: Command \textbackslash invalid in math mode on input line 445.

[20] [21]
Overfull \hbox (15.65712pt too wide) in paragraph at lines 527--528
\T1/ptm/m/n/12 In our work, we try a num-ber of op-tions like []\T1/pcr/m/n/12 
RANDCOLOURING \T1/ptm/m/n/12 and []\T1/pcr/m/n/12 MINMAXCOLOURING
 []

[22] [23]

LaTeX Warning: `!h' float specifier changed to `!ht'.

<csrdirected.jpg, id=909, 667.7748pt x 291.2481pt>
File: csrdirected.jpg Graphic file (type jpg)
 <use csrdirected.jpg>
Package pdftex.def Info: csrdirected.jpg used on input line 568.
(pdftex.def)             Requested size: 400.66797pt x 174.7502pt.


LaTeX Warning: `h' float specifier changed to `ht'.


LaTeX Warning: `!h' float specifier changed to `!ht'.

<csrundirected.jpg, id=915, 682.9515pt x 311.4837pt>
File: csrundirected.jpg Graphic file (type jpg)
 <use csrundirected.jpg>
Package pdftex.def Info: csrundirected.jpg used on input line 596.
(pdftex.def)             Requested size: 409.77406pt x 186.89166pt.


LaTeX Warning: `h' float specifier changed to `ht'.

<csrundirectednew.jpg, id=918, 675.0018pt x 286.9119pt>
File: csrundirectednew.jpg Graphic file (type jpg)

<use csrundirectednew.jpg>
Package pdftex.def Info: csrundirectednew.jpg used on input line 604.
(pdftex.def)             Requested size: 405.00421pt x 172.14845pt.


LaTeX Warning: `h' float specifier changed to `ht'.

[24] [25 <./csrdirected.jpg>] [26 <./csrundirected.jpg> <./csrundirectednew.jpg
>] [27]

LaTeX Warning: Command \textbackslash invalid in math mode on input line 672.


LaTeX Warning: Command \textbackslash invalid in math mode on input line 676.


LaTeX Warning: Command \textbackslash invalid in math mode on input line 685.


LaTeX Warning: Command \textbackslash invalid in math mode on input line 689.


LaTeX Warning: Command \textbackslash invalid in math mode on input line 696.


LaTeX Warning: Command \textbackslash invalid in math mode on input line 720.


LaTeX Warning: Command \textbackslash invalid in math mode on input line 721.

[28] [29]
CHAPTER 4.
[30

]
Underfull \hbox (badness 6477) in paragraph at lines 773--774
[] \T1/ptm/b/n/12 if $\OML/cmm/m/it/12 possibleColour\OT1/cmr/m/n/12 2[\OML/cmm
/m/it/12 threadId\OT1/cmr/m/n/12 ] = \OML/cmm/m/it/12 possibleColour\OT1/cmr/m/
n/12 2[1 \OMS/cmsy/m/n/12 ^^@
 []


LaTeX Warning: Float too large for page by 0.50882pt on input line 811.

[31] [32]
Overfull \hbox (28.00822pt too wide) in paragraph at lines 821--842
 [][] 
 []

<case1.jpg, id=1013, 2269.278pt x 881.694pt>
File: case1.jpg Graphic file (type jpg)
 <use case1.jpg>
Package pdftex.def Info: case1.jpg used on input line 850.
(pdftex.def)             Requested size: 416.83289pt x 161.95383pt.

<case2.jpg, id=1014, 2177.736pt x 874.467pt>
File: case2.jpg Graphic file (type jpg)
 <use case2.jpg>
Package pdftex.def Info: case2.jpg used on input line 859.
(pdftex.def)             Requested size: 416.83289pt x 167.37804pt.


LaTeX Warning: `h' float specifier changed to `ht'.

<case3.jpg, id=1015, 2184.963pt x 1072.005pt>
File: case3.jpg Graphic file (type jpg)
 <use case3.jpg>
Package pdftex.def Info: case3.jpg used on input line 868.
(pdftex.def)             Requested size: 416.83289pt x 204.50093pt.


LaTeX Warning: `h' float specifier changed to `ht'.

<case4.jpg, id=1016, 2211.462pt x 1055.142pt>
File: case4.jpg Graphic file (type jpg)
 <use case4.jpg>
Package pdftex.def Info: case4.jpg used on input line 877.
(pdftex.def)             Requested size: 416.83289pt x 198.86905pt.


LaTeX Warning: `h' float specifier changed to `ht'.

<case5.jpg, id=1017, 672.8337pt x 203.8014pt>
File: case5.jpg Graphic file (type jpg)
 <use case5.jpg>
Package pdftex.def Info: case5.jpg used on input line 886.
(pdftex.def)             Requested size: 416.83289pt x 126.26225pt.


LaTeX Warning: `h' float specifier changed to `ht'.

<case6.jpg, id=1018, 686.565pt x 244.9953pt>
File: case6.jpg Graphic file (type jpg)
 <use case6.jpg>
Package pdftex.def Info: case6.jpg used on input line 895.
(pdftex.def)             Requested size: 416.83289pt x 148.74036pt.


LaTeX Warning: `h' float specifier changed to `ht'.

<case7.jpg, id=1019, 681.5061pt x 241.3818pt>
File: case7.jpg Graphic file (type jpg)
 <use case7.jpg>
Package pdftex.def Info: case7.jpg used on input line 904.
(pdftex.def)             Requested size: 416.83289pt x 147.63678pt.


LaTeX Warning: `h' float specifier changed to `ht'.

<case8.jpg, id=1020, 680.7834pt x 247.1634pt>
File: case8.jpg Graphic file (type jpg)
 <use case8.jpg>
Package pdftex.def Info: case8.jpg used on input line 913.
(pdftex.def)             Requested size: 416.83289pt x 151.33138pt.


LaTeX Warning: `h' float specifier changed to `ht'.

[33 <./case1.jpg>] [34 <./case2.jpg> <./case3.jpg>]
Overfull \hbox (7.32863pt too wide) in paragraph at lines 925--926
\T1/ptm/m/n/12 al-lel with each edge get-ting two threads each, us-ing []\T1/pc
r/m/n/12 TwoThreadIncrementalModel
 []


LaTeX Warning: Command \textbackslash invalid in math mode on input line 941.


LaTeX Warning: Command \textbackslash invalid in math mode on input line 942.

[35 <./case4.jpg> <./case5.jpg>]
<propagation.jpg, id=1036, 2278.914pt x 1623.666pt>
File: propagation.jpg Graphic file (type jpg)
 <use propagation.jpg>
Package pdftex.def Info: propagation.jpg used on input line 963.
(pdftex.def)             Requested size: 416.83289pt x 296.97931pt.


LaTeX Warning: `h' float specifier changed to `ht'.

[36 <./case6.jpg> <./case7.jpg>] [37 <./case8.jpg>] [38 <./propagation.jpg>]
CHAPTER 5.
[39

] [40] [41]

LaTeX Warning: Command \textbackslash invalid in math mode on input line 1056.

[42] [43]

LaTeX Warning: Command \textbackslash invalid in math mode on input line 1083.

[44]
CHAPTER 6.
[45

]
Overfull \hbox (44.53317pt too wide) in paragraph at lines 1120--1220
 [][] 
 []


LaTeX Warning: Float too large for page by 44.29208pt on input line 1222.


LaTeX Warning: `h' float specifier changed to `ht'.

<chartNewest3.pdf, id=1217, 632.3625pt x 541.02126pt>
File: chartNewest3.pdf Graphic file (type pdf)
 <use chartNewest3.pdf>
Package pdftex.def Info: chartNewest3.pdf used on input line 1232.
(pdftex.def)             Requested size: 416.83289pt x 356.62933pt.


LaTeX Warning: `h' float specifier changed to `ht'.

<chartNewest2.pdf, id=1220, 804.00375pt x 446.66875pt>
File: chartNewest2.pdf Graphic file (type pdf)
 <use chartNewest2.pdf>
Package pdftex.def Info: chartNewest2.pdf used on input line 1243.
(pdftex.def)             Requested size: 416.83289pt x 231.57388pt.


LaTeX Warning: `h' float specifier changed to `ht'.

[46]

LaTeX Warning: No positions in optional float specifier.
               Default added (so using `tbp') on input line 1253.


LaTeX Warning: No positions in optional float specifier.
               Default added (so using `tbp') on input line 1281.

[47 <./chartNewest3.pdf, page is rotated 270 degrees>]
<chartNewest4.pdf, id=1248, 791.95876pt x 447.6725pt>
File: chartNewest4.pdf Graphic file (type pdf)
 <use chartNewest4.pdf>
Package pdftex.def Info: chartNewest4.pdf used on input line 1310.
(pdftex.def)             Requested size: 416.83289pt x 235.62587pt.

[48 <./chartNewest2.pdf, page is rotated 270 degrees> <./chartNewest4.pdf, page
 is rotated 270 degrees

pdfTeX warning: pdflatex (file ./chartNewest4.pdf): PDF inclusion: multiple pdf
s with page group included in a single page
>] <chartNewest5.pdf, id=1276, 797.98125pt x 489.83pt>
File: chartNewest5.pdf Graphic file (type pdf)
 <use chartNewest5.pdf>
Package pdftex.def Info: chartNewest5.pdf used on input line 1321.
(pdftex.def)             Requested size: 416.83289pt x 255.86409pt.

[49 <./chartNewest5.pdf, page is rotated 270 degrees>]
<chartNewest1.pdf, id=1295, 780.9175pt x 420.57124pt>
File: chartNewest1.pdf Graphic file (type pdf)
 <use chartNewest1.pdf>
Package pdftex.def Info: chartNewest1.pdf used on input line 1337.
(pdftex.def)             Requested size: 416.83289pt x 224.48679pt.

<chartNewest6.pdf, id=1298, 795.97375pt x 434.62375pt>
File: chartNewest6.pdf Graphic file (type pdf)
 <use chartNewest6.pdf>
Package pdftex.def Info: chartNewest6.pdf used on input line 1349.
(pdftex.def)             Requested size: 416.83289pt x 227.59727pt.


LaTeX Warning: `h' float specifier changed to `ht'.

[50 <./chartNewest1.pdf, page is rotated 270 degrees>]
<chartNewest7.pdf, id=1319, 770.88pt x 494.84875pt>
File: chartNewest7.pdf Graphic file (type pdf)
 <use chartNewest7.pdf>
Package pdftex.def Info: chartNewest7.pdf used on input line 1365.
(pdftex.def)             Requested size: 416.83289pt x 267.57678pt.


LaTeX Warning: `h' float specifier changed to `ht'.

<chartNewest8.pdf, id=1320, 779.91376pt x 518.93875pt>
File: chartNewest8.pdf Graphic file (type pdf)
 <use chartNewest8.pdf>
Package pdftex.def Info: chartNewest8.pdf used on input line 1374.
(pdftex.def)             Requested size: 416.83289pt x 277.34839pt.


LaTeX Warning: `h' float specifier changed to `ht'.

<chartNewest9.pdf, id=1323, 800.9925pt x 524.96124pt>
File: chartNewest9.pdf Graphic file (type pdf)
 <use chartNewest9.pdf>
Package pdftex.def Info: chartNewest9.pdf used on input line 1385.
(pdftex.def)             Requested size: 416.83289pt x 273.18968pt.


LaTeX Warning: `h' float specifier changed to `ht'.

<chartNewest10.pdf, id=1324, 787.94376pt x 543.02875pt>
File: chartNewest10.pdf Graphic file (type pdf)

<use chartNewest10.pdf>
Package pdftex.def Info: chartNewest10.pdf used on input line 1394.
(pdftex.def)             Requested size: 416.83289pt x 287.26527pt.


LaTeX Warning: `h' float specifier changed to `ht'.

[51 <./chartNewest6.pdf, page is rotated 270 degrees>] [52 <./chartNewest7.pdf,
 page is rotated 270 degrees>] [53 <./chartNewest8.pdf, page is rotated 270 deg
rees> <./chartNewest9.pdf, page is rotated 270 degrees

pdfTeX warning: pdflatex (file ./chartNewest9.pdf): PDF inclusion: multiple pdf
s with page group included in a single page
>] [54] [55] [56 <./chartNewest10.pdf, page is rotated 270 degrees>]

LaTeX Warning: No positions in optional float specifier.
               Default added (so using `tbp') on input line 1409.


LaTeX Warning: No positions in optional float specifier.
               Default added (so using `tbp') on input line 1437.

[57

] <chartNewest24.pdf, id=1416, 792.9625pt x 541.02126pt>
File: chartNewest24.pdf Graphic file (type pdf)

<use chartNewest24.pdf>
Package pdftex.def Info: chartNewest24.pdf used on input line 1467.
(pdftex.def)             Requested size: 416.83289pt x 284.40364pt.
 <chartNewest15.pdf, id=1418, 796.9775pt x 533.995pt>
File: chartNewest15.pdf Graphic file (type pdf)

<use chartNewest15.pdf>
Package pdftex.def Info: chartNewest15.pdf used on input line 1478.
(pdftex.def)             Requested size: 416.83289pt x 279.28416pt.


LaTeX Warning: `h' float specifier changed to `ht'.

[58 <./chartNewest24.pdf, page is rotated 270 degrees>]
<chartNewest21.pdf, id=1435, 791.95876pt x 496.85625pt>
File: chartNewest21.pdf Graphic file (type pdf)

<use chartNewest21.pdf>
Package pdftex.def Info: chartNewest21.pdf used on input line 1489.
(pdftex.def)             Requested size: 416.83289pt x 261.51302pt.


LaTeX Warning: `h' float specifier changed to `ht'.

<chartNewest11.pdf, id=1438, 797.98125pt x 554.07pt>
File: chartNewest11.pdf Graphic file (type pdf)
 <use chartNewest11.pdf>
Package pdftex.def Info: chartNewest11.pdf used on input line 1503.
(pdftex.def)             Requested size: 416.83289pt x 289.42004pt.


LaTeX Warning: `h' float specifier changed to `ht'.

[59 <./chartNewest15.pdf, page is rotated 270 degrees>]
<chartNewest13.pdf, id=1456, 806.01125pt x 559.08875pt>
File: chartNewest13.pdf Graphic file (type pdf)

<use chartNewest13.pdf>
Package pdftex.def Info: chartNewest13.pdf used on input line 1514.
(pdftex.def)             Requested size: 416.83289pt x 289.13252pt.


LaTeX Warning: `h' float specifier changed to `ht'.

<chartNewest23.pdf, id=1458, 799.98875pt x 551.05875pt>
File: chartNewest23.pdf Graphic file (type pdf)

<use chartNewest23.pdf>
Package pdftex.def Info: chartNewest23.pdf used on input line 1525.
(pdftex.def)             Requested size: 416.83289pt x 287.13237pt.


LaTeX Warning: `h' float specifier changed to `ht'.

[60 <./chartNewest21.pdf, page is rotated 270 degrees>]
<chartNewest32.pdf, id=1478, 792.9625pt x 504.88625pt>
File: chartNewest32.pdf Graphic file (type pdf)
 <use chartNewest32.pdf>
Package pdftex.def Info: chartNewest32.pdf used on input line 1541.
(pdftex.def)             Requested size: 416.83289pt x 265.4082pt.


LaTeX Warning: `h' float specifier changed to `ht'.

<chartNewest34.pdf, id=1479, 791.95876pt x 500.87125pt>
File: chartNewest34.pdf Graphic file (type pdf)

<use chartNewest34.pdf>
Package pdftex.def Info: chartNewest34.pdf used on input line 1550.
(pdftex.def)             Requested size: 416.83289pt x 263.62625pt.


LaTeX Warning: `h' float specifier changed to `ht'.

<chartNewest33.pdf, id=1482, 800.9925pt x 553.06625pt>
File: chartNewest33.pdf Graphic file (type pdf)
 <use chartNewest33.pdf>
Package pdftex.def Info: chartNewest33.pdf used on input line 1563.
(pdftex.def)             Requested size: 416.83289pt x 287.81552pt.

[61 <./chartNewest11.pdf, page is rotated 270 degrees>]

LaTeX Warning: `h' float specifier changed to `ht'.

<chartNewest35.pdf, id=1498, 796.9775pt x 539.01375pt>
File: chartNewest35.pdf Graphic file (type pdf)
 <use chartNewest35.pdf>
Package pdftex.def Info: chartNewest35.pdf used on input line 1572.
(pdftex.def)             Requested size: 416.83289pt x 281.90901pt.


LaTeX Warning: `h' float specifier changed to `ht'.


LaTeX Warning: No positions in optional float specifier.
               Default added (so using `tbp') on input line 1583.


LaTeX Warning: No positions in optional float specifier.
               Default added (so using `tbp') on input line 1610.

[62 <./chartNewest13.pdf, page is rotated 270 degrees>] [63]
<chartNewest16.pdf, id=1525, 794.97pt x 555.07375pt>
File: chartNewest16.pdf Graphic file (type pdf)
 <use chartNewest16.pdf>
Package pdftex.def Info: chartNewest16.pdf used on input line 1641.
(pdftex.def)             Requested size: 416.83289pt x 291.05388pt.


LaTeX Warning: `h' float specifier changed to `ht'.

[64 <./chartNewest23.pdf, page is rotated 270 degrees>]
<chartNewest26.pdf, id=1542, 800.9925pt x 513.92pt>
File: chartNewest26.pdf Graphic file (type pdf)
 <use chartNewest26.pdf>
Package pdftex.def Info: chartNewest26.pdf used on input line 1652.
(pdftex.def)             Requested size: 416.83289pt x 267.44382pt.


LaTeX Warning: `h' float specifier changed to `ht'.

<chartNewest12.pdf, id=1544, 798.985pt x 560.0925pt>
File: chartNewest12.pdf Graphic file (type pdf)
 <use chartNewest12.pdf>
Package pdftex.def Info: chartNewest12.pdf used on input line 1668.
(pdftex.def)             Requested size: 416.83289pt x 292.20695pt.


LaTeX Warning: `h' float specifier changed to `ht'.

[65 <./chartNewest32.pdf, page is rotated 270 degrees>]
<chartNewest14.pdf, id=1561, 796.9775pt x 553.06625pt>
File: chartNewest14.pdf Graphic file (type pdf)
 <use chartNewest14.pdf>
Package pdftex.def Info: chartNewest14.pdf used on input line 1681.
(pdftex.def)             Requested size: 416.83289pt x 289.2586pt.


LaTeX Warning: `h' float specifier changed to `ht'.

<chartNewest25.pdf, id=1563, 800.9925pt x 549.05125pt>
File: chartNewest25.pdf Graphic file (type pdf)
 <use chartNewest25.pdf>
Package pdftex.def Info: chartNewest25.pdf used on input line 1694.
(pdftex.def)             Requested size: 416.83289pt x 285.72612pt.


LaTeX Warning: `h' float specifier changed to `ht'.

[66 <./chartNewest34.pdf, page is rotated 270 degrees>]
<chartNewest17.pdf, id=1582, 799.98875pt x 538.01pt>
File: chartNewest17.pdf Graphic file (type pdf)
 <use chartNewest17.pdf>
Package pdftex.def Info: chartNewest17.pdf used on input line 1707.
(pdftex.def)             Requested size: 416.83289pt x 280.33325pt.


LaTeX Warning: `h' float specifier changed to `ht'.

<chartNewest27.pdf, id=1584, 805.0075pt x 518.93875pt>
File: chartNewest27.pdf Graphic file (type pdf)
 <use chartNewest27.pdf>
Package pdftex.def Info: chartNewest27.pdf used on input line 1718.
(pdftex.def)             Requested size: 416.83289pt x 268.70154pt.


LaTeX Warning: `h' float specifier changed to `ht'.

[67 <./chartNewest33.pdf, page is rotated 270 degrees>]
<chartNewest30.pdf, id=1602, 779.91376pt x 503.8825pt>
File: chartNewest30.pdf Graphic file (type pdf)
 <use chartNewest30.pdf>
Package pdftex.def Info: chartNewest30.pdf used on input line 1735.
(pdftex.def)             Requested size: 416.83289pt x 269.30153pt.


LaTeX Warning: `h' float specifier changed to `ht'.

<chartNewest36.pdf, id=1603, 776.9025pt x 501.875pt>
File: chartNewest36.pdf Graphic file (type pdf)
 <use chartNewest36.pdf>
Package pdftex.def Info: chartNewest36.pdf used on input line 1744.
(pdftex.def)             Requested size: 416.83289pt x 269.27776pt.


LaTeX Warning: `h' float specifier changed to `ht'.

<chartNewest31.pdf, id=1606, 806.01125pt x 505.89pt>
File: chartNewest31.pdf Graphic file (type pdf)
 <use chartNewest31.pdf>
Package pdftex.def Info: chartNewest31.pdf used on input line 1757.
(pdftex.def)             Requested size: 416.83289pt x 261.6208pt.


LaTeX Warning: `h' float specifier changed to `ht'.

<chartNewest37.pdf, id=1607, 795.97375pt x 525.965pt>
File: chartNewest37.pdf Graphic file (type pdf)
 <use chartNewest37.pdf>
Package pdftex.def Info: chartNewest37.pdf used on input line 1766.
(pdftex.def)             Requested size: 416.83289pt x 275.4295pt.


LaTeX Warning: `h' float specifier changed to `ht'.

[68 <./chartNewest35.pdf, page is rotated 270 degrees>] [69 <./chartNewest16.pd
f, page is rotated 270 degrees> <./chartNewest26.pdf, page is rotated 270 degre
es

pdfTeX warning: pdflatex (file ./chartNewest26.pdf): PDF inclusion: multiple pd
fs with page group included in a single page
>] [70 <./chartNewest12.pdf, page is rotated 270 degrees> <./chartNewest14.pdf,
 page is rotated 270 degrees

pdfTeX warning: pdflatex (file ./chartNewest14.pdf): PDF inclusion: multiple pd
fs with page group included in a single page
>] [71 <./chartNewest25.pdf, page is rotated 270 degrees> <./chartNewest17.pdf,
 page is rotated 270 degrees

pdfTeX warning: pdflatex (file ./chartNewest17.pdf): PDF inclusion: multiple pd
fs with page group included in a single page
>] [72 <./chartNewest27.pdf, page is rotated 270 degrees> <./chartNewest30.pdf,
 page is rotated 270 degrees

pdfTeX warning: pdflatex (file ./chartNewest30.pdf): PDF inclusion: multiple pd
fs with page group included in a single page
>] [73 <./chartNewest36.pdf, page is rotated 270 degrees> <./chartNewest31.pdf,
 page is rotated 270 degrees

pdfTeX warning: pdflatex (file ./chartNewest31.pdf): PDF inclusion: multiple pd
fs with page group included in a single page
>] [74 <./chartNewest37.pdf, page is rotated 270 degrees>]
CHAPTER 7.
[75

] [76] [77] (./thesis.bbl
LaTeX Font Info:    Font shape `T1/ptm/bx/n' in size <10.95> not available
(Font)              Font shape `T1/ptm/b/n' tried instead on input line 8.

Underfull \hbox (badness 1448) in paragraph at lines 91--98
[]\T1/ptm/b/n/10.95 Gebremedhin, A. H. \T1/ptm/m/n/10.95 and \T1/ptm/b/n/10.95 
F. Manne \T1/ptm/m/n/10.95 (2000).  Scal-able par-al-lel graph col-or-ing al-go
-
 []


Underfull \hbox (badness 2012) in paragraph at lines 91--98
\T1/ptm/m/n/10.95 rithms.  \T1/ptm/m/it/10.95 Con-cur-rency: Prac-tice and Ex-p
e-ri-ence\T1/ptm/m/n/10.95 , \T1/ptm/b/n/10.95 12\T1/ptm/m/n/10.95 (12), 1131--
1146.  ISSN 1096-
 []

[78

]
Underfull \hbox (badness 6078) in paragraph at lines 193--199
[]\T1/ptm/b/n/10.95 Naumov, M.\T1/ptm/m/n/10.95 , \T1/ptm/b/n/10.95 P. Cas-tong
uay\T1/ptm/m/n/10.95 , and \T1/ptm/b/n/10.95 J. Co-hen \T1/ptm/m/n/10.95 (2015)
.  Par-al-lel graph col-or-ing
 []


Underfull \hbox (badness 3612) in paragraph at lines 193--199
\T1/ptm/m/n/10.95 with ap-pli-ca-tions to the incomplete-lu fac-tor-iza-tion on
 the gpu.  \T1/ptm/m/it/10.95 NVIDIA Tech-ni-
 []


Underfull \hbox (badness 10000) in paragraph at lines 193--199
\T1/ptm/m/it/10.95 cal Re-port\T1/ptm/m/n/10.95 , \T1/ptm/b/n/10.95 001\T1/ptm/
m/n/10.95 .  URL []$\T1/pcr/m/n/10.95 https : / / research . nvidia . com / pub
lication /
 []


Overfull \hbox (36.16406pt too wide) in paragraph at lines 193--199
\T1/pcr/m/n/10.95 parallel-[]graph-[]coloring-[]applications-[]incomplete-[]lu-
[]factorization-[]gpu$[]\T1/ptm/m/n/10.95 . 
 []


Underfull \hbox (badness 10000) in paragraph at lines 201--206
\T1/pcr/m/n/10.95 nvidia . com / cuda / parallel-[]thread-[]execution / #ptx-[]
machine-[]model$[]\T1/ptm/m/n/10.95 .
 []

[79]
Underfull \hbox (badness 10000) in paragraph at lines 240--245
\T1/pcr/m/n/10.95 org / wiki / Moore % 27s _ law # /media / File : Transistor _
 Count _ and _ Moore %
 []

)
Package atveryend Info: Empty hook `BeforeClearDocument' on input line 1826.
 [80]
Package atveryend Info: Empty hook `AfterLastShipout' on input line 1826.
 (./thesis.aux)
Package atveryend Info: Executing hook `AtVeryEndDocument' on input line 1826.
Package atveryend Info: Executing hook `AtEndAfterFileList' on input line 1826.

Package rerunfilecheck Info: File `thesis.out' has not changed.
(rerunfilecheck)             Checksum: 6574E7E4F218EB804049F1B7646DD098;5699.
Package atveryend Info: Empty hook `AtVeryVeryEnd' on input line 1826.
 ) 
Here is how much of TeX's memory you used:
 9247 strings out of 494985
 138609 string characters out of 6180355
 259352 words of memory out of 5000000
 11979 multiletter control sequences out of 15000+600000
 57466 words of font info for 70 fonts, out of 8000000 for 9000
 36 hyphenation exceptions out of 8191
 43i,9n,41p,1617b,547s stack positions out of 5000i,500n,10000p,200000b,80000s
{/usr/share/texlive/texmf-dist/fonts/enc/dvips/base/8r.enc}</usr/share/texliv
e/texmf-dist/fonts/type1/public/amsfonts/cm/cmmi12.pfb></usr/share/texlive/texm
f-dist/fonts/type1/public/amsfonts/cm/cmmi8.pfb></usr/share/texlive/texmf-dist/
fonts/type1/public/amsfonts/cm/cmr12.pfb></usr/share/texlive/texmf-dist/fonts/t
ype1/public/amsfonts/cm/cmr8.pfb></usr/share/texlive/texmf-dist/fonts/type1/pub
lic/amsfonts/cm/cmsy10.pfb></usr/share/texlive/texmf-dist/fonts/type1/public/am
sfonts/cm/cmsy8.pfb></usr/share/texlive/texmf-dist/fonts/type1/urw/courier/ucrr
8a.pfb></usr/share/texlive/texmf-dist/fonts/type1/urw/times/utmb8a.pfb></usr/sh
are/texlive/texmf-dist/fonts/type1/urw/times/utmbi8a.pfb></usr/share/texlive/te
xmf-dist/fonts/type1/urw/times/utmr8a.pfb></usr/share/texlive/texmf-dist/fonts/
type1/urw/times/utmri8a.pfb>
Output written on thesis.pdf (93 pages, 6416707 bytes).
PDF statistics:
 1945 PDF objects out of 2073 (max. 8388607)
 1639 compressed objects within 17 object streams
 296 named destinations out of 1000 (max. 500000)
 865 words of extra memory for PDF output out of 10000 (max. 10000000)

